<?xml version="1.0" encoding="UTF-8"?>
<testsuite xmlns:xsi="http://www.w3.org/2001/XMLSchema-instance" xsi:noNamespaceSchemaLocation="https://maven.apache.org/surefire/maven-surefire-plugin/xsd/surefire-test-report.xsd" name="pe.gob.minsa.mcs.servicio.renhice.McsServicioRenhiceApplicationTests" time="2.968" tests="1" errors="0" skipped="0" failures="0">
  <properties>
    <property name="sun.desktop" value="gnome"/>
    <property name="awt.toolkit" value="sun.awt.X11.XToolkit"/>
    <property name="file.encoding.pkg" value="sun.io"/>
    <property name="java.specification.version" value="1.8"/>
    <property name="sun.cpu.isalist" value=""/>
    <property name="sun.jnu.encoding" value="UTF-8"/>
    <property name="java.class.path" value="/home/jhuamanv/demos/java/sts/mcs-servicio-renhice/target/test-classes:/home/jhuamanv/demos/java/sts/mcs-servicio-renhice/target/classes:/home/jhuamanv/repo/lib/m2/org/springframework/boot/spring-boot-starter-web/2.1.8.RELEASE/spring-boot-starter-web-2.1.8.RELEASE.jar:/home/jhuamanv/repo/lib/m2/org/springframework/boot/spring-boot-starter-json/2.1.8.RELEASE/spring-boot-starter-json-2.1.8.RELEASE.jar:/home/jhuamanv/repo/lib/m2/com/fasterxml/jackson/datatype/jackson-datatype-jdk8/2.9.9/jackson-datatype-jdk8-2.9.9.jar:/home/jhuamanv/repo/lib/m2/com/fasterxml/jackson/datatype/jackson-datatype-jsr310/2.9.9/jackson-datatype-jsr310-2.9.9.jar:/home/jhuamanv/repo/lib/m2/com/fasterxml/jackson/module/jackson-module-parameter-names/2.9.9/jackson-module-parameter-names-2.9.9.jar:/home/jhuamanv/repo/lib/m2/org/springframework/boot/spring-boot-starter-tomcat/2.1.8.RELEASE/spring-boot-starter-tomcat-2.1.8.RELEASE.jar:/home/jhuamanv/repo/lib/m2/org/apache/tomcat/embed/tomcat-embed-core/9.0.24/tomcat-embed-core-9.0.24.jar:/home/jhuamanv/repo/lib/m2/org/apache/tomcat/embed/tomcat-embed-el/9.0.24/tomcat-embed-el-9.0.24.jar:/home/jhuamanv/repo/lib/m2/org/apache/tomcat/embed/tomcat-embed-websocket/9.0.24/tomcat-embed-websocket-9.0.24.jar:/home/jhuamanv/repo/lib/m2/org/hibernate/validator/hibernate-validator/6.0.17.Final/hibernate-validator-6.0.17.Final.jar:/home/jhuamanv/repo/lib/m2/javax/validation/validation-api/2.0.1.Final/validation-api-2.0.1.Final.jar:/home/jhuamanv/repo/lib/m2/org/jboss/logging/jboss-logging/3.3.3.Final/jboss-logging-3.3.3.Final.jar:/home/jhuamanv/repo/lib/m2/org/springframework/spring-web/5.1.9.RELEASE/spring-web-5.1.9.RELEASE.jar:/home/jhuamanv/repo/lib/m2/org/springframework/spring-webmvc/5.1.9.RELEASE/spring-webmvc-5.1.9.RELEASE.jar:/home/jhuamanv/repo/lib/m2/org/springframework/spring-context/5.1.9.RELEASE/spring-context-5.1.9.RELEASE.jar:/home/jhuamanv/repo/lib/m2/org/springframework/spring-expression/5.1.9.RELEASE/spring-expression-5.1.9.RELEASE.jar:/home/jhuamanv/repo/lib/m2/org/springframework/boot/spring-boot-starter/2.1.8.RELEASE/spring-boot-starter-2.1.8.RELEASE.jar:/home/jhuamanv/repo/lib/m2/org/springframework/boot/spring-boot/2.1.8.RELEASE/spring-boot-2.1.8.RELEASE.jar:/home/jhuamanv/repo/lib/m2/org/springframework/boot/spring-boot-autoconfigure/2.1.8.RELEASE/spring-boot-autoconfigure-2.1.8.RELEASE.jar:/home/jhuamanv/repo/lib/m2/javax/annotation/javax.annotation-api/1.3.2/javax.annotation-api-1.3.2.jar:/home/jhuamanv/repo/lib/m2/org/springframework/spring-core/5.1.9.RELEASE/spring-core-5.1.9.RELEASE.jar:/home/jhuamanv/repo/lib/m2/org/springframework/spring-jcl/5.1.9.RELEASE/spring-jcl-5.1.9.RELEASE.jar:/home/jhuamanv/repo/lib/m2/org/yaml/snakeyaml/1.23/snakeyaml-1.23.jar:/home/jhuamanv/repo/lib/m2/org/springframework/boot/spring-boot-starter-log4j2/2.1.8.RELEASE/spring-boot-starter-log4j2-2.1.8.RELEASE.jar:/home/jhuamanv/repo/lib/m2/org/apache/logging/log4j/log4j-slf4j-impl/2.11.2/log4j-slf4j-impl-2.11.2.jar:/home/jhuamanv/repo/lib/m2/org/apache/logging/log4j/log4j-api/2.11.2/log4j-api-2.11.2.jar:/home/jhuamanv/repo/lib/m2/org/apache/logging/log4j/log4j-core/2.11.2/log4j-core-2.11.2.jar:/home/jhuamanv/repo/lib/m2/org/apache/logging/log4j/log4j-jul/2.11.2/log4j-jul-2.11.2.jar:/home/jhuamanv/repo/lib/m2/org/slf4j/jul-to-slf4j/1.7.28/jul-to-slf4j-1.7.28.jar:/home/jhuamanv/repo/lib/m2/org/springframework/boot/spring-boot-devtools/2.1.8.RELEASE/spring-boot-devtools-2.1.8.RELEASE.jar:/home/jhuamanv/repo/lib/m2/org/springframework/boot/spring-boot-starter-test/2.1.8.RELEASE/spring-boot-starter-test-2.1.8.RELEASE.jar:/home/jhuamanv/repo/lib/m2/org/springframework/boot/spring-boot-test/2.1.8.RELEASE/spring-boot-test-2.1.8.RELEASE.jar:/home/jhuamanv/repo/lib/m2/org/springframework/boot/spring-boot-test-autoconfigure/2.1.8.RELEASE/spring-boot-test-autoconfigure-2.1.8.RELEASE.jar:/home/jhuamanv/repo/lib/m2/com/jayway/jsonpath/json-path/2.4.0/json-path-2.4.0.jar:/home/jhuamanv/repo/lib/m2/net/minidev/json-smart/2.3/json-smart-2.3.jar:/home/jhuamanv/repo/lib/m2/net/minidev/accessors-smart/1.2/accessors-smart-1.2.jar:/home/jhuamanv/repo/lib/m2/org/ow2/asm/asm/5.0.4/asm-5.0.4.jar:/home/jhuamanv/repo/lib/m2/junit/junit/4.12/junit-4.12.jar:/home/jhuamanv/repo/lib/m2/org/assertj/assertj-core/3.11.1/assertj-core-3.11.1.jar:/home/jhuamanv/repo/lib/m2/org/mockito/mockito-core/2.23.4/mockito-core-2.23.4.jar:/home/jhuamanv/repo/lib/m2/net/bytebuddy/byte-buddy/1.9.16/byte-buddy-1.9.16.jar:/home/jhuamanv/repo/lib/m2/net/bytebuddy/byte-buddy-agent/1.9.16/byte-buddy-agent-1.9.16.jar:/home/jhuamanv/repo/lib/m2/org/objenesis/objenesis/2.6/objenesis-2.6.jar:/home/jhuamanv/repo/lib/m2/org/hamcrest/hamcrest-core/1.3/hamcrest-core-1.3.jar:/home/jhuamanv/repo/lib/m2/org/hamcrest/hamcrest-library/1.3/hamcrest-library-1.3.jar:/home/jhuamanv/repo/lib/m2/org/skyscreamer/jsonassert/1.5.0/jsonassert-1.5.0.jar:/home/jhuamanv/repo/lib/m2/com/vaadin/external/google/android-json/0.0.20131108.vaadin1/android-json-0.0.20131108.vaadin1.jar:/home/jhuamanv/repo/lib/m2/org/springframework/spring-test/5.1.9.RELEASE/spring-test-5.1.9.RELEASE.jar:/home/jhuamanv/repo/lib/m2/org/xmlunit/xmlunit-core/2.6.3/xmlunit-core-2.6.3.jar:/home/jhuamanv/repo/lib/m2/org/springframework/spring-jdbc/5.1.9.RELEASE/spring-jdbc-5.1.9.RELEASE.jar:/home/jhuamanv/repo/lib/m2/org/springframework/spring-beans/5.1.9.RELEASE/spring-beans-5.1.9.RELEASE.jar:/home/jhuamanv/repo/lib/m2/org/springframework/spring-tx/5.1.9.RELEASE/spring-tx-5.1.9.RELEASE.jar:/home/jhuamanv/repo/lib/m2/io/springfox/springfox-swagger2/2.9.2/springfox-swagger2-2.9.2.jar:/home/jhuamanv/repo/lib/m2/io/swagger/swagger-annotations/1.5.20/swagger-annotations-1.5.20.jar:/home/jhuamanv/repo/lib/m2/io/swagger/swagger-models/1.5.20/swagger-models-1.5.20.jar:/home/jhuamanv/repo/lib/m2/com/fasterxml/jackson/core/jackson-annotations/2.9.0/jackson-annotations-2.9.0.jar:/home/jhuamanv/repo/lib/m2/io/springfox/springfox-spi/2.9.2/springfox-spi-2.9.2.jar:/home/jhuamanv/repo/lib/m2/io/springfox/springfox-core/2.9.2/springfox-core-2.9.2.jar:/home/jhuamanv/repo/lib/m2/io/springfox/springfox-schema/2.9.2/springfox-schema-2.9.2.jar:/home/jhuamanv/repo/lib/m2/io/springfox/springfox-swagger-common/2.9.2/springfox-swagger-common-2.9.2.jar:/home/jhuamanv/repo/lib/m2/io/springfox/springfox-spring-web/2.9.2/springfox-spring-web-2.9.2.jar:/home/jhuamanv/repo/lib/m2/com/google/guava/guava/20.0/guava-20.0.jar:/home/jhuamanv/repo/lib/m2/com/fasterxml/classmate/1.4.0/classmate-1.4.0.jar:/home/jhuamanv/repo/lib/m2/org/slf4j/slf4j-api/1.7.28/slf4j-api-1.7.28.jar:/home/jhuamanv/repo/lib/m2/org/springframework/plugin/spring-plugin-core/1.2.0.RELEASE/spring-plugin-core-1.2.0.RELEASE.jar:/home/jhuamanv/repo/lib/m2/org/springframework/plugin/spring-plugin-metadata/1.2.0.RELEASE/spring-plugin-metadata-1.2.0.RELEASE.jar:/home/jhuamanv/repo/lib/m2/org/mapstruct/mapstruct/1.2.0.Final/mapstruct-1.2.0.Final.jar:/home/jhuamanv/repo/lib/m2/io/springfox/springfox-swagger-ui/2.9.2/springfox-swagger-ui-2.9.2.jar:/home/jhuamanv/repo/lib/m2/com/lmax/disruptor/3.3.5/disruptor-3.3.5.jar:/home/jhuamanv/repo/lib/m2/com/microsoft/sqlserver/mssql-jdbc/6.4.0.jre8/mssql-jdbc-6.4.0.jre8.jar:/home/jhuamanv/repo/lib/m2/org/postgresql/postgresql/42.2.6/postgresql-42.2.6.jar:/home/jhuamanv/repo/lib/m2/org/springframework/boot/spring-boot-starter-aop/2.1.8.RELEASE/spring-boot-starter-aop-2.1.8.RELEASE.jar:/home/jhuamanv/repo/lib/m2/org/springframework/spring-aop/5.1.9.RELEASE/spring-aop-5.1.9.RELEASE.jar:/home/jhuamanv/repo/lib/m2/org/aspectj/aspectjweaver/1.9.4/aspectjweaver-1.9.4.jar:/home/jhuamanv/repo/lib/m2/io/jsonwebtoken/jjwt-api/0.10.5/jjwt-api-0.10.5.jar:/home/jhuamanv/repo/lib/m2/io/jsonwebtoken/jjwt-impl/0.10.5/jjwt-impl-0.10.5.jar:/home/jhuamanv/repo/lib/m2/io/jsonwebtoken/jjwt-jackson/0.10.5/jjwt-jackson-0.10.5.jar:/home/jhuamanv/repo/lib/m2/com/fasterxml/jackson/core/jackson-databind/2.9.9.3/jackson-databind-2.9.9.3.jar:/home/jhuamanv/repo/lib/m2/com/fasterxml/jackson/core/jackson-core/2.9.9/jackson-core-2.9.9.jar:/home/jhuamanv/repo/lib/m2/org/springframework/boot/spring-boot-configuration-processor/2.1.8.RELEASE/spring-boot-configuration-processor-2.1.8.RELEASE.jar:"/>
    <property name="java.vm.vendor" value="Private Build"/>
    <property name="sun.arch.data.model" value="64"/>
    <property name="java.vendor.url" value="http://java.oracle.com/"/>
    <property name="user.timezone" value=""/>
    <property name="java.vm.specification.version" value="1.8"/>
    <property name="os.name" value="Linux"/>
    <property name="user.country" value="PE"/>
    <property name="sun.java.launcher" value="SUN_STANDARD"/>
    <property name="sun.boot.library.path" value="/usr/lib/jvm/java-8-openjdk-amd64/jre/lib/amd64"/>
    <property name="sun.java.command" value="/home/jhuamanv/demos/java/sts/mcs-servicio-renhice/target/surefire/surefirebooter1566507850086806067.jar /home/jhuamanv/demos/java/sts/mcs-servicio-renhice/target/surefire 2019-10-11T16-17-07_582-jvmRun1 surefire3824015678551890815tmp surefire_0460716489937981792tmp"/>
    <property name="surefire.test.class.path" value="/home/jhuamanv/demos/java/sts/mcs-servicio-renhice/target/test-classes:/home/jhuamanv/demos/java/sts/mcs-servicio-renhice/target/classes:/home/jhuamanv/repo/lib/m2/org/springframework/boot/spring-boot-starter-web/2.1.8.RELEASE/spring-boot-starter-web-2.1.8.RELEASE.jar:/home/jhuamanv/repo/lib/m2/org/springframework/boot/spring-boot-starter-json/2.1.8.RELEASE/spring-boot-starter-json-2.1.8.RELEASE.jar:/home/jhuamanv/repo/lib/m2/com/fasterxml/jackson/datatype/jackson-datatype-jdk8/2.9.9/jackson-datatype-jdk8-2.9.9.jar:/home/jhuamanv/repo/lib/m2/com/fasterxml/jackson/datatype/jackson-datatype-jsr310/2.9.9/jackson-datatype-jsr310-2.9.9.jar:/home/jhuamanv/repo/lib/m2/com/fasterxml/jackson/module/jackson-module-parameter-names/2.9.9/jackson-module-parameter-names-2.9.9.jar:/home/jhuamanv/repo/lib/m2/org/springframework/boot/spring-boot-starter-tomcat/2.1.8.RELEASE/spring-boot-starter-tomcat-2.1.8.RELEASE.jar:/home/jhuamanv/repo/lib/m2/org/apache/tomcat/embed/tomcat-embed-core/9.0.24/tomcat-embed-core-9.0.24.jar:/home/jhuamanv/repo/lib/m2/org/apache/tomcat/embed/tomcat-embed-el/9.0.24/tomcat-embed-el-9.0.24.jar:/home/jhuamanv/repo/lib/m2/org/apache/tomcat/embed/tomcat-embed-websocket/9.0.24/tomcat-embed-websocket-9.0.24.jar:/home/jhuamanv/repo/lib/m2/org/hibernate/validator/hibernate-validator/6.0.17.Final/hibernate-validator-6.0.17.Final.jar:/home/jhuamanv/repo/lib/m2/javax/validation/validation-api/2.0.1.Final/validation-api-2.0.1.Final.jar:/home/jhuamanv/repo/lib/m2/org/jboss/logging/jboss-logging/3.3.3.Final/jboss-logging-3.3.3.Final.jar:/home/jhuamanv/repo/lib/m2/org/springframework/spring-web/5.1.9.RELEASE/spring-web-5.1.9.RELEASE.jar:/home/jhuamanv/repo/lib/m2/org/springframework/spring-webmvc/5.1.9.RELEASE/spring-webmvc-5.1.9.RELEASE.jar:/home/jhuamanv/repo/lib/m2/org/springframework/spring-context/5.1.9.RELEASE/spring-context-5.1.9.RELEASE.jar:/home/jhuamanv/repo/lib/m2/org/springframework/spring-expression/5.1.9.RELEASE/spring-expression-5.1.9.RELEASE.jar:/home/jhuamanv/repo/lib/m2/org/springframework/boot/spring-boot-starter/2.1.8.RELEASE/spring-boot-starter-2.1.8.RELEASE.jar:/home/jhuamanv/repo/lib/m2/org/springframework/boot/spring-boot/2.1.8.RELEASE/spring-boot-2.1.8.RELEASE.jar:/home/jhuamanv/repo/lib/m2/org/springframework/boot/spring-boot-autoconfigure/2.1.8.RELEASE/spring-boot-autoconfigure-2.1.8.RELEASE.jar:/home/jhuamanv/repo/lib/m2/javax/annotation/javax.annotation-api/1.3.2/javax.annotation-api-1.3.2.jar:/home/jhuamanv/repo/lib/m2/org/springframework/spring-core/5.1.9.RELEASE/spring-core-5.1.9.RELEASE.jar:/home/jhuamanv/repo/lib/m2/org/springframework/spring-jcl/5.1.9.RELEASE/spring-jcl-5.1.9.RELEASE.jar:/home/jhuamanv/repo/lib/m2/org/yaml/snakeyaml/1.23/snakeyaml-1.23.jar:/home/jhuamanv/repo/lib/m2/org/springframework/boot/spring-boot-starter-log4j2/2.1.8.RELEASE/spring-boot-starter-log4j2-2.1.8.RELEASE.jar:/home/jhuamanv/repo/lib/m2/org/apache/logging/log4j/log4j-slf4j-impl/2.11.2/log4j-slf4j-impl-2.11.2.jar:/home/jhuamanv/repo/lib/m2/org/apache/logging/log4j/log4j-api/2.11.2/log4j-api-2.11.2.jar:/home/jhuamanv/repo/lib/m2/org/apache/logging/log4j/log4j-core/2.11.2/log4j-core-2.11.2.jar:/home/jhuamanv/repo/lib/m2/org/apache/logging/log4j/log4j-jul/2.11.2/log4j-jul-2.11.2.jar:/home/jhuamanv/repo/lib/m2/org/slf4j/jul-to-slf4j/1.7.28/jul-to-slf4j-1.7.28.jar:/home/jhuamanv/repo/lib/m2/org/springframework/boot/spring-boot-devtools/2.1.8.RELEASE/spring-boot-devtools-2.1.8.RELEASE.jar:/home/jhuamanv/repo/lib/m2/org/springframework/boot/spring-boot-starter-test/2.1.8.RELEASE/spring-boot-starter-test-2.1.8.RELEASE.jar:/home/jhuamanv/repo/lib/m2/org/springframework/boot/spring-boot-test/2.1.8.RELEASE/spring-boot-test-2.1.8.RELEASE.jar:/home/jhuamanv/repo/lib/m2/org/springframework/boot/spring-boot-test-autoconfigure/2.1.8.RELEASE/spring-boot-test-autoconfigure-2.1.8.RELEASE.jar:/home/jhuamanv/repo/lib/m2/com/jayway/jsonpath/json-path/2.4.0/json-path-2.4.0.jar:/home/jhuamanv/repo/lib/m2/net/minidev/json-smart/2.3/json-smart-2.3.jar:/home/jhuamanv/repo/lib/m2/net/minidev/accessors-smart/1.2/accessors-smart-1.2.jar:/home/jhuamanv/repo/lib/m2/org/ow2/asm/asm/5.0.4/asm-5.0.4.jar:/home/jhuamanv/repo/lib/m2/junit/junit/4.12/junit-4.12.jar:/home/jhuamanv/repo/lib/m2/org/assertj/assertj-core/3.11.1/assertj-core-3.11.1.jar:/home/jhuamanv/repo/lib/m2/org/mockito/mockito-core/2.23.4/mockito-core-2.23.4.jar:/home/jhuamanv/repo/lib/m2/net/bytebuddy/byte-buddy/1.9.16/byte-buddy-1.9.16.jar:/home/jhuamanv/repo/lib/m2/net/bytebuddy/byte-buddy-agent/1.9.16/byte-buddy-agent-1.9.16.jar:/home/jhuamanv/repo/lib/m2/org/objenesis/objenesis/2.6/objenesis-2.6.jar:/home/jhuamanv/repo/lib/m2/org/hamcrest/hamcrest-core/1.3/hamcrest-core-1.3.jar:/home/jhuamanv/repo/lib/m2/org/hamcrest/hamcrest-library/1.3/hamcrest-library-1.3.jar:/home/jhuamanv/repo/lib/m2/org/skyscreamer/jsonassert/1.5.0/jsonassert-1.5.0.jar:/home/jhuamanv/repo/lib/m2/com/vaadin/external/google/android-json/0.0.20131108.vaadin1/android-json-0.0.20131108.vaadin1.jar:/home/jhuamanv/repo/lib/m2/org/springframework/spring-test/5.1.9.RELEASE/spring-test-5.1.9.RELEASE.jar:/home/jhuamanv/repo/lib/m2/org/xmlunit/xmlunit-core/2.6.3/xmlunit-core-2.6.3.jar:/home/jhuamanv/repo/lib/m2/org/springframework/spring-jdbc/5.1.9.RELEASE/spring-jdbc-5.1.9.RELEASE.jar:/home/jhuamanv/repo/lib/m2/org/springframework/spring-beans/5.1.9.RELEASE/spring-beans-5.1.9.RELEASE.jar:/home/jhuamanv/repo/lib/m2/org/springframework/spring-tx/5.1.9.RELEASE/spring-tx-5.1.9.RELEASE.jar:/home/jhuamanv/repo/lib/m2/io/springfox/springfox-swagger2/2.9.2/springfox-swagger2-2.9.2.jar:/home/jhuamanv/repo/lib/m2/io/swagger/swagger-annotations/1.5.20/swagger-annotations-1.5.20.jar:/home/jhuamanv/repo/lib/m2/io/swagger/swagger-models/1.5.20/swagger-models-1.5.20.jar:/home/jhuamanv/repo/lib/m2/com/fasterxml/jackson/core/jackson-annotations/2.9.0/jackson-annotations-2.9.0.jar:/home/jhuamanv/repo/lib/m2/io/springfox/springfox-spi/2.9.2/springfox-spi-2.9.2.jar:/home/jhuamanv/repo/lib/m2/io/springfox/springfox-core/2.9.2/springfox-core-2.9.2.jar:/home/jhuamanv/repo/lib/m2/io/springfox/springfox-schema/2.9.2/springfox-schema-2.9.2.jar:/home/jhuamanv/repo/lib/m2/io/springfox/springfox-swagger-common/2.9.2/springfox-swagger-common-2.9.2.jar:/home/jhuamanv/repo/lib/m2/io/springfox/springfox-spring-web/2.9.2/springfox-spring-web-2.9.2.jar:/home/jhuamanv/repo/lib/m2/com/google/guava/guava/20.0/guava-20.0.jar:/home/jhuamanv/repo/lib/m2/com/fasterxml/classmate/1.4.0/classmate-1.4.0.jar:/home/jhuamanv/repo/lib/m2/org/slf4j/slf4j-api/1.7.28/slf4j-api-1.7.28.jar:/home/jhuamanv/repo/lib/m2/org/springframework/plugin/spring-plugin-core/1.2.0.RELEASE/spring-plugin-core-1.2.0.RELEASE.jar:/home/jhuamanv/repo/lib/m2/org/springframework/plugin/spring-plugin-metadata/1.2.0.RELEASE/spring-plugin-metadata-1.2.0.RELEASE.jar:/home/jhuamanv/repo/lib/m2/org/mapstruct/mapstruct/1.2.0.Final/mapstruct-1.2.0.Final.jar:/home/jhuamanv/repo/lib/m2/io/springfox/springfox-swagger-ui/2.9.2/springfox-swagger-ui-2.9.2.jar:/home/jhuamanv/repo/lib/m2/com/lmax/disruptor/3.3.5/disruptor-3.3.5.jar:/home/jhuamanv/repo/lib/m2/com/microsoft/sqlserver/mssql-jdbc/6.4.0.jre8/mssql-jdbc-6.4.0.jre8.jar:/home/jhuamanv/repo/lib/m2/org/postgresql/postgresql/42.2.6/postgresql-42.2.6.jar:/home/jhuamanv/repo/lib/m2/org/springframework/boot/spring-boot-starter-aop/2.1.8.RELEASE/spring-boot-starter-aop-2.1.8.RELEASE.jar:/home/jhuamanv/repo/lib/m2/org/springframework/spring-aop/5.1.9.RELEASE/spring-aop-5.1.9.RELEASE.jar:/home/jhuamanv/repo/lib/m2/org/aspectj/aspectjweaver/1.9.4/aspectjweaver-1.9.4.jar:/home/jhuamanv/repo/lib/m2/io/jsonwebtoken/jjwt-api/0.10.5/jjwt-api-0.10.5.jar:/home/jhuamanv/repo/lib/m2/io/jsonwebtoken/jjwt-impl/0.10.5/jjwt-impl-0.10.5.jar:/home/jhuamanv/repo/lib/m2/io/jsonwebtoken/jjwt-jackson/0.10.5/jjwt-jackson-0.10.5.jar:/home/jhuamanv/repo/lib/m2/com/fasterxml/jackson/core/jackson-databind/2.9.9.3/jackson-databind-2.9.9.3.jar:/home/jhuamanv/repo/lib/m2/com/fasterxml/jackson/core/jackson-core/2.9.9/jackson-core-2.9.9.jar:/home/jhuamanv/repo/lib/m2/org/springframework/boot/spring-boot-configuration-processor/2.1.8.RELEASE/spring-boot-configuration-processor-2.1.8.RELEASE.jar:"/>
    <property name="sun.cpu.endian" value="little"/>
    <property name="user.home" value="/home/jhuamanv"/>
    <property name="user.language" value="es"/>
    <property name="java.specification.vendor" value="Oracle Corporation"/>
    <property name="java.home" value="/usr/lib/jvm/java-8-openjdk-amd64/jre"/>
    <property name="basedir" value="/home/jhuamanv/demos/java/sts/mcs-servicio-renhice"/>
    <property name="file.separator" value="/"/>
    <property name="line.separator" value="&#10;"/>
    <property name="java.vm.specification.vendor" value="Oracle Corporation"/>
    <property name="java.specification.name" value="Java Platform API Specification"/>
    <property name="java.awt.graphicsenv" value="sun.awt.X11GraphicsEnvironment"/>
    <property name="surefire.real.class.path" value="/home/jhuamanv/demos/java/sts/mcs-servicio-renhice/target/surefire/surefirebooter1566507850086806067.jar"/>
    <property name="sun.boot.class.path" value="/usr/lib/jvm/java-8-openjdk-amd64/jre/lib/resources.jar:/usr/lib/jvm/java-8-openjdk-amd64/jre/lib/rt.jar:/usr/lib/jvm/java-8-openjdk-amd64/jre/lib/sunrsasign.jar:/usr/lib/jvm/java-8-openjdk-amd64/jre/lib/jsse.jar:/usr/lib/jvm/java-8-openjdk-amd64/jre/lib/jce.jar:/usr/lib/jvm/java-8-openjdk-amd64/jre/lib/charsets.jar:/usr/lib/jvm/java-8-openjdk-amd64/jre/lib/jfr.jar:/usr/lib/jvm/java-8-openjdk-amd64/jre/classes"/>
    <property name="sun.management.compiler" value="HotSpot 64-Bit Tiered Compilers"/>
    <property name="java.runtime.version" value="1.8.0_222-8u222-b10-1ubuntu1~18.04.1-b10"/>
    <property name="user.name" value="jhuamanv"/>
    <property name="path.separator" value=":"/>
    <property name="os.version" value="4.15.0-65-generic"/>
    <property name="java.endorsed.dirs" value="/usr/lib/jvm/java-8-openjdk-amd64/jre/lib/endorsed"/>
    <property name="java.runtime.name" value="OpenJDK Runtime Environment"/>
    <property name="file.encoding" value="UTF-8"/>
    <property name="java.vm.name" value="OpenJDK 64-Bit Server VM"/>
    <property name="localRepository" value="/home/jhuamanv/repo/lib/m2"/>
    <property name="java.vendor.url.bug" value="http://bugreport.sun.com/bugreport/"/>
    <property name="java.io.tmpdir" value="/tmp"/>
    <property name="java.version" value="1.8.0_222"/>
    <property name="user.dir" value="/home/jhuamanv/demos/java/sts/mcs-servicio-renhice"/>
    <property name="os.arch" value="amd64"/>
    <property name="java.vm.specification.name" value="Java Virtual Machine Specification"/>
    <property name="java.awt.printerjob" value="sun.print.PSPrinterJob"/>
    <property name="sun.os.patch.level" value="unknown"/>
    <property name="java.library.path" value="/usr/java/packages/lib/amd64:/usr/lib/x86_64-linux-gnu/jni:/lib/x86_64-linux-gnu:/usr/lib/x86_64-linux-gnu:/usr/lib/jni:/lib:/usr/lib"/>
    <property name="java.vm.info" value="mixed mode"/>
    <property name="java.vendor" value="Private Build"/>
    <property name="java.vm.version" value="25.222-b10"/>
    <property name="java.ext.dirs" value="/usr/lib/jvm/java-8-openjdk-amd64/jre/lib/ext:/usr/java/packages/lib/ext"/>
    <property name="sun.io.unicode.encoding" value="UnicodeLittle"/>
    <property name="java.class.version" value="52.0"/>
  </properties>
  <testcase name="contextLoads" classname="pe.gob.minsa.mcs.servicio.renhice.McsServicioRenhiceApplicationTests" time="0.1"/>
</testsuite>